<?xml version="1.0" encoding="UTF-8"?>
<testng-results ignored="0" total="1" passed="1" failed="0" skipped="0">
  <reporter-output>
  </reporter-output>
  <suite started-at="2023-12-01T14:18:55 MST" name="Default suite" finished-at="2023-12-01T14:19:11 MST" duration-ms="15929">
    <groups>
    </groups>
    <test started-at="2023-12-01T14:18:55 MST" name="Default test" finished-at="2023-12-01T14:19:11 MST" duration-ms="15929">
      <class name="com.testscenarios.collegeweekely_testng">
        <test-method is-config="true" signature="beforeClass()[pri:0, instance:com.testscenarios.collegeweekely_testng@3d1cfad4]" started-at="2023-12-01T14:18:56 MST" name="beforeClass" finished-at="2023-12-01T14:18:57 MST" duration-ms="1650" status="PASS">
          <reporter-output>
          </reporter-output>
        </test-method> <!-- beforeClass -->
        <test-method signature="f()[pri:0, instance:com.testscenarios.collegeweekely_testng@3d1cfad4]" started-at="2023-12-01T14:18:57 MST" name="f" finished-at="2023-12-01T14:19:10 MST" duration-ms="12962" status="PASS">
          <reporter-output>
          </reporter-output>
        </test-method> <!-- f -->
        <test-method is-config="true" signature="afterClass()[pri:0, instance:com.testscenarios.collegeweekely_testng@3d1cfad4]" started-at="2023-12-01T14:19:10 MST" name="afterClass" finished-at="2023-12-01T14:19:11 MST" duration-ms="1286" status="PASS">
          <reporter-output>
          </reporter-output>
        </test-method> <!-- afterClass -->
      </class> <!-- com.testscenarios.collegeweekely_testng -->
    </test> <!-- Default test -->
  </suite> <!-- Default suite -->
</testng-results>
